<?xml version="1.0" encoding="UTF-8"?>
<testsuite name="ru.netology.CardDeliveryTest" tests="1" skipped="0" failures="0" errors="0" timestamp="2023-06-02T19:21:18" hostname="DESKTOP-MDKBKJ7" time="12.147">
  <properties/>
  <testcase name="shouldSentFormPopularName()" classname="ru.netology.CardDeliveryTest" time="12.147"/>
  <system-out><![CDATA[]]></system-out>
  <system-err><![CDATA[SLF4J: Failed to load class "org.slf4j.impl.StaticLoggerBinder".
SLF4J: Defaulting to no-operation (NOP) logger implementation
SLF4J: See http://www.slf4j.org/codes.html#StaticLoggerBinder for further details.
Starting ChromeDriver 113.0.5672.63 (0e1a4471d5ae5bf128b1bd8f4d627c8cbd55f70c-refs/branch-heads/5672@{#912}) on port 32849
Only local connections are allowed.
Please see https://chromedriver.chromium.org/security-considerations for suggestions on keeping ChromeDriver safe.
ChromeDriver was started successfully.
июн. 02, 2023 11:21:19 PM org.openqa.selenium.remote.ProtocolHandshake createSession
INFO: Detected dialect: W3C
]]></system-err>
</testsuite>
